2020-08-01 10:55:15,654 : Successful update for <QuerySet [<Link: Shantae: Half-Genie Hero Ultimate Edition-Xbox One-Amazon>, <Link: Shantae: Half-Genie Hero Ultimate Edition-Xbox One-Amazon>]>
2020-08-01 10:55:20,070 : No link found for <Game: Injustice: Gods Among Us Ultimate Edition>
2020-08-01 10:55:20,091 : Successful update for <QuerySet [<Link: FIFA 19-Xbox One-Amazon>, <Link: FIFA 19-Xbox One-Amazon>]>
2020-08-01 10:55:24,403 : No link found for <Game: Extinction>
2020-08-01 10:55:28,831 : No link found for <Game: Rugby League Live 3>
2020-08-01 10:55:28,848 : Successful update for <QuerySet [<Link: The Crew-Xbox One-Amazon>]>
2020-08-01 10:55:33,227 : No link found for <Game: Star Trek: Bridge Crew>
2020-08-01 10:55:37,685 : No link found for <Game: Geometry Wars 3: Dimensions Evolved>
2020-08-01 10:55:37,697 : Successful update for <QuerySet [<Link: Destroy All Humans! (2020)-PlayStation 4-Amazon>]>
2020-08-01 10:55:42,249 : No link found for <Game: Marvel's Iron Man VR>
2020-08-01 10:55:42,283 : Successful update for <QuerySet [<Link: FIFA 20-PlayStation 4-Amazon>, <Link: FIFA 20-Xbox One-Amazon>, <Link: FIFA 20-Xbox One-Amazon>, <Link: FIFA 20-PlayStation 4-Amazon>]>
2020-08-01 10:55:46,637 : No link found for <Game: 2064: Read Only Memories>
2020-08-01 10:55:51,193 : No link found for <Game: 7 Billion Humans>
2020-08-01 10:55:51,223 : Successful update for <QuerySet [<Link: Human: Fall Flat-PlayStation 4-Amazon>, <Link: Human: Fall Flat-PlayStation 4-Amazon>, <Link: Human: Fall Flat-Xbox One-Amazon>]>
2020-08-01 10:55:55,601 : No link found for <Game: F1 2019>
2020-08-01 10:55:55,614 : Successful update for <QuerySet [<Link: Minecraft Starter Collection Upgrade-Xbox One-Amazon>]>
2020-08-01 10:55:59,913 : No link found for <Game: Starlink: Battle for Atlas>
2020-08-01 10:55:59,926 : Successful update for <QuerySet [<Link: EA SPORTS UFC 2-PlayStation 4-Amazon>]>
2020-08-01 10:55:59,936 : Successful update for <QuerySet [<Link: EA SPORTS UFC 3-Xbox One-Amazon>]>
2020-08-01 10:55:59,948 : Successful update for <QuerySet [<Link: AFL Evolution 2-Xbox One-Amazon>]>
2020-08-01 10:55:59,957 : Successful update for <QuerySet [<Link: Assassin’s Creed Rogue Remastered-Xbox One-Amazon>]>
2020-08-01 10:56:04,303 : No link found for <Game: Rugby League Live 4>
2020-08-01 10:56:04,327 : Successful update for <QuerySet [<Link: The Crew 2-PlayStation 4-Amazon>, <Link: The Crew 2-Xbox One-Amazon>]>
2020-08-01 10:56:04,336 : Successful update for <QuerySet [<Link: Assassin's Creed Syndicate-PlayStation 4-Amazon>]>
2020-08-01 10:56:08,662 : No link found for <Game: Borderlands: The Pre-Sequel>
2020-08-01 10:56:13,024 : No link found for <Game: Death's Gambit>
2020-08-01 10:56:17,353 : No link found for <Game: EA SPORTS UFC>
2020-08-01 10:56:21,727 : No link found for <Game: Gran Turismo Sport>
2020-08-01 10:56:26,097 : No link found for <Game: Victor Vran>
2020-08-01 10:56:26,137 : Successful update for <QuerySet [<Link: F1 2020-PlayStation 4-Amazon>, <Link: F1 2020-PlayStation 4-Amazon>, <Link: F1 2020-Xbox One-Amazon>, <Link: F1 2020-Xbox One-Amazon>]>
2020-08-01 10:56:30,436 : No link found for <Game: F1 2017>
2020-08-01 10:56:30,491 : Successful update for <QuerySet [<Link: Tom Clancy’s The Division 2-PlayStation 4-Amazon>, <Link: Tom Clancy’s The Division 2-PlayStation 4-Amazon>, <Link: Tom Clancy’s The Division 2-PlayStation 4-Amazon>, <Link: Tom Clancy’s The Division 2-Xbox One-Amazon>, <Link: Tom Clancy’s The Division 2-Xbox One-Amazon>, <Link: Tom Clancy’s The Division 2-Xbox One-Amazon>, <Link: Tom Clancy’s The Division 2-Xbox One-Amazon>, <Link: Tom Clancy’s The Division 2-Xbox One-Amazon>]>
2020-08-01 10:56:30,504 : Successful update for <QuerySet [<Link: Untitled Goose Game-PlayStation 4-Amazon>]>
2020-08-01 10:56:34,806 : No link found for <Game: Primal Carnage: Extinction>
2020-08-01 10:56:39,141 : No link found for <Game: Nexomon: Extinction>
2020-08-01 10:56:39,167 : Successful update for <QuerySet [<Link: Marvel's Spider-Man-PlayStation 4-Amazon>]>
2020-08-01 10:56:39,183 : Successful update for <QuerySet [<Link: Marvel’s Avengers-PlayStation 4-Amazon>, <Link: Marvel’s Avengers-Xbox One-Amazon>]>
2020-08-01 10:56:43,603 : No link found for <Game: EA SPORTS FIFA 16>
2020-08-01 10:56:43,626 : Successful update for <QuerySet [<Link: Cars 3: Driven to Win-PlayStation 4-Amazon>, <Link: Cars 3: Driven to Win-Xbox One-Amazon>]>
2020-08-01 10:56:48,040 : No link found for <Game: EA SPORTS FIFA 17>
2020-08-01 10:56:52,569 : No link found for <Game: Real Farm Sim>
2020-08-01 10:56:52,588 : Successful update for <QuerySet [<Link: Mass Effect: Andromeda-Xbox One-Amazon>, <Link: Mass Effect: Andromeda-Xbox One-Amazon>]>
2020-08-01 10:56:52,597 : Successful update for <QuerySet [<Link: Minecraft: Dungeons-PlayStation 4-Amazon>]>
2020-08-01 10:56:57,834 : No link found for <Game: Minecraft: Story Mode - Season Two>
2020-08-01 10:57:03,147 : No link found for <Game: Switchblade - Starter Pack>
2020-08-01 10:57:07,667 : No link found for <Game: Roblox Fashionista Starter Pack>
2020-08-01 10:57:12,847 : No link found for <Game: Rocketbirds 2: Evolution>
2020-08-01 10:57:17,541 : No link found for <Game: AFL Evolution>
2020-08-01 10:57:17,575 : Successful update for <QuerySet [<Link: Assassin's Creed Valhalla-PlayStation 4-Amazon>, <Link: Assassin's Creed Valhalla-Xbox One-Amazon>, <Link: Assassin's Creed Valhalla-Xbox One-Amazon>, <Link: Assassin's Creed Valhalla-PlayStation 4-Amazon>]>
2020-08-01 10:57:17,594 : Successful update for <QuerySet [<Link: Assassin's Creed Origins-PlayStation 4-Amazon>, <Link: Assassin's Creed Origins-PlayStation 4-Amazon>]>
2020-08-01 10:57:22,925 : No link found for <Game: Five Nights at Freddy's 4>
2020-08-01 10:57:29,022 : No link found for <Game: Risen 3 - Titan Lords>
2020-08-01 10:57:29,039 : Successful update for <QuerySet [<Link: Ghost of Tsushima-PlayStation 4-Amazon>]>
2020-08-01 10:57:33,776 : No link found for <Game: Ghost of a Tale>
2020-08-01 10:57:38,166 : No link found for <Game: Ghost 1.0>
2020-08-01 10:57:38,184 : Successful update for <QuerySet [<Link: Call of Duty: Ghosts-PlayStation 4-Amazon>, <Link: Call of Duty: Ghosts-PlayStation 4-Amazon>]>
2020-08-01 10:57:42,534 : No link found for <Game: The Last of Us Part II>
2020-08-01 10:57:47,011 : No link found for <Game: Queen's Quest 2: Stories of Forgotten Past>
2020-08-01 10:57:51,398 : No link found for <Game: The Fall Part 2: Unbound>
2020-08-01 10:57:55,762 : No link found for <Game: Deliver Us the Moon>
2020-08-01 10:58:00,088 : No link found for <Game: Assetto Corsa Competizione>
2020-08-01 10:58:04,528 : No link found for <Game: Assetto Corsa>
2020-08-01 10:58:08,924 : No link found for <Game: Grand Ages: Medieval>
2020-08-01 10:58:08,936 : Successful update for <QuerySet [<Link: UNCHARTED The Nathan Drake Collection-PlayStation 4-Amazon>]>
2020-08-01 10:58:13,315 : No link found for <Game: Batman: Arkham Collection>
2020-08-01 10:58:18,685 : No link found for <Game: Immortal: Unchained>
2020-08-01 10:58:23,662 : No link found for <Game: Tom Clancy’s The Division>
2020-08-01 10:58:23,691 : Successful update for <QuerySet [<Link: Tom Clancy’s The Division - Survival-PlayStation 4-Amazon>, <Link: Tom Clancy’s The Division - Survival-Xbox One-Amazon>]>
2020-08-01 10:58:29,249 : No link found for <Game: Star Wars: Battlefront II (2017)>
2020-08-01 10:58:34,305 : Successful update for [<Link: STAR WARS Battlefront-Xbox One-Amazon>, <Link: STAR WARS Battlefront-Xbox One-Amazon>]
2020-08-01 10:58:34,319 : Successful update for <QuerySet [<Link: Star Wars: Squadrons-Xbox One-Amazon>]>
2020-08-01 10:58:34,336 : Successful update for <QuerySet [<Link: Call of Duty: Modern Warfare (2019)-PlayStation 4-Amazon>, <Link: Call of Duty: Modern Warfare (2019)-Xbox One-Amazon>]>
2020-08-01 10:58:38,747 : No link found for <Game: Call of Duty: Modern Warfare 2 Campaign Remastered>
2020-08-01 10:58:43,524 : No link found for <Game: Call of Duty: Advanced Warfare>
2020-08-01 10:58:43,568 : Successful update for <QuerySet [<Link: LEGO Star Wars: The Force Awakens-PlayStation 4-Amazon>, <Link: LEGO Star Wars: The Force Awakens-PlayStation 4-Amazon>, <Link: LEGO Star Wars: The Force Awakens-PlayStation 4-Amazon>, <Link: LEGO Star Wars: The Force Awakens-Xbox One-Amazon>, <Link: LEGO Star Wars: The Force Awakens-Xbox One-Amazon>]>
2020-08-01 10:58:43,594 : Successful update for <QuerySet [<Link: LEGO The Incredibles-PlayStation 4-Amazon>, <Link: LEGO The Incredibles-Xbox One-Amazon>]>
2020-08-01 10:58:48,408 : Successful update for [<Link: Assassin's Creed Unity-PlayStation 4-Amazon>, <Link: Assassin's Creed Unity-PlayStation 4-Amazon>, <Link: Assassin's Creed Unity-Xbox One-Amazon>]
2020-08-01 10:58:48,437 : Successful update for <QuerySet [<Link: Just Dance 2020-PlayStation 4-Amazon>, <Link: Just Dance 2020-PlayStation 4-Amazon>, <Link: Just Dance 2020-Xbox One-Amazon>]>
2020-08-01 10:58:52,961 : No link found for <Game: Just Dance 2018>
2020-08-01 10:58:52,981 : Successful update for <QuerySet [<Link: Just Dance 2019-Xbox One-Amazon>, <Link: Just Dance 2019-Xbox One-Amazon>]>
2020-08-01 10:58:57,543 : No link found for <Game: Pinball FX3 - Medieval Pack>
2020-08-01 10:59:02,343 : No link found for <Game: Black Mirror (2017)>
2020-08-01 10:59:02,360 : Successful update for <QuerySet [<Link: Far Cry 5-PlayStation 4-Amazon>, <Link: Far Cry 5-Xbox One-Amazon>]>
2020-08-01 10:59:07,415 : No link found for <Game: Far Cry 5 - Lost On Mars>
2020-08-01 10:59:07,437 : Successful update for <QuerySet [<Link: Far Cry New Dawn-Xbox One-Amazon>, <Link: Far Cry New Dawn-Xbox One-Amazon>]>
2020-08-01 10:59:11,857 : No link found for <Game: Wolfenstein: Cyberpilot>
2020-08-01 10:59:16,287 : No link found for <Game: Wolfenstein: Youngblood>
2020-08-01 10:59:16,296 : Successful update for <QuerySet [<Link: Wolfenstein: The New Order-PlayStation 4-Amazon>]>
2020-08-01 10:59:16,306 : Successful update for <QuerySet [<Link: Rocket League-Xbox One-Amazon>]>
2020-08-01 10:59:21,178 : No link found for <Game: Omen Exitio: Plague>
2020-08-01 10:59:25,962 : No link found for <Game: Lethal League>
2020-08-01 10:59:25,981 : Successful update for <QuerySet [<Link: MORTAL KOMBAT X-PlayStation 4-Amazon>, <Link: MORTAL KOMBAT X-PlayStation 4-Amazon>]>
2020-08-01 10:59:26,000 : Successful update for <QuerySet [<Link: Mortal Kombat 11-PlayStation 4-Amazon>, <Link: Mortal Kombat 11-Xbox One-Amazon>]>
2020-08-01 10:59:30,577 : No link found for <Game: Portal Knights>
2020-08-01 10:59:30,589 : Successful update for <QuerySet [<Link: Ratchet & Clank (2016)-PlayStation 4-Amazon>]>
2020-08-01 10:59:35,123 : No link found for <Game: Yonder: The Cloud Catcher Chronicles>
2020-08-01 10:59:39,649 : No link found for <Game: Free to Play: Rainbow Six Siege>
2020-08-01 10:59:39,664 : Successful update for <QuerySet [<Link: Predator: Hunting Grounds-PlayStation 4-Amazon>]>
2020-08-01 10:59:44,135 : No link found for <Game: Dark Arcana: The Carnival>
2020-08-01 10:59:44,151 : Successful update for <QuerySet [<Link: Garfield Kart Furious Racing-Xbox One-Amazon>]>
2020-08-01 10:59:44,250 : Successful update for <QuerySet [<Link: PlayStation VR Worlds-PlayStation 4-Amazon>, <Link: PlayStation VR Worlds-PlayStation 4-Amazon>, <Link: PlayStation VR Worlds-PlayStation 4-Amazon>, <Link: PlayStation VR Worlds-PlayStation 4-Amazon>, <Link: PlayStation VR Worlds-PlayStation 4-Amazon>, <Link: PlayStation VR Worlds-PlayStation 4-Amazon>, <Link: PlayStation VR Worlds-PlayStation 4-Amazon>, <Link: PlayStation VR Worlds-PlayStation 4-Amazon>, <Link: PlayStation VR Worlds-PlayStation 4-Amazon>, <Link: PlayStation VR Worlds-PlayStation 4-Amazon>, <Link: PlayStation VR Worlds-PlayStation 4-Amazon>, <Link: PlayStation VR Worlds-Xbox One-Amazon>]>
2020-08-01 10:59:44,272 : Successful update for <QuerySet [<Link: MX vs ATV All Out-Xbox One-Amazon>, <Link: MX vs ATV All Out-Xbox One-Amazon>]>
2020-08-01 10:59:48,733 : No link found for <Game: MX vs. ATV Supercross Encore>
2020-08-01 10:59:53,203 : No link found for <Game: APE OUT>
2020-08-01 10:59:57,765 : No link found for <Game: Assassin's Creed Chronicles>
2020-08-01 10:59:57,794 : Successful update for <QuerySet [<Link: NBA 2K20-PlayStation 4-Amazon>, <Link: NBA 2K20-PlayStation 4-Amazon>, <Link: NBA 2K20-Xbox One-Amazon>]>
2020-08-01 10:59:57,827 : Successful update for <QuerySet [<Link: Madden NFL 20-PlayStation 4-Amazon>, <Link: Madden NFL 20-PlayStation 4-Amazon>, <Link: Madden NFL 20-Xbox One-Amazon>]>
2020-08-01 11:00:02,376 : No link found for <Game: Madden NFL 25>
2020-08-01 11:00:02,405 : Successful update for <QuerySet [<Link: Madden NFL 18-PlayStation 4-Amazon>, <Link: Madden NFL 18-PlayStation 4-Amazon>, <Link: Madden NFL 18-Xbox One-Amazon>]>
2020-08-01 11:00:02,417 : Successful update for <QuerySet [<Link: God of War-PlayStation 4-Amazon>]>
2020-08-01 11:00:02,437 : Successful update for <QuerySet [<Link: God of War III Remastered-PlayStation 4-Amazon>, <Link: God of War III Remastered-PlayStation 4-Amazon>]>
2020-08-01 11:00:06,932 : No link found for <Game: The Deer God>
2020-08-01 11:00:06,961 : Successful update for <QuerySet [<Link: Tom Clancy's Rainbow Six Siege-PlayStation 4-Amazon>, <Link: Tom Clancy's Rainbow Six Siege-PlayStation 4-Amazon>, <Link: Tom Clancy's Rainbow Six Siege-Xbox One-Amazon>]>
2020-08-01 11:00:11,423 : No link found for <Game: America's Army: Proving Grounds>
2020-08-01 11:00:15,946 : No link found for <Game: Grounded>
2020-08-01 11:00:15,969 : Successful update for <QuerySet [<Link: Grand Theft Auto V-PlayStation 4-Amazon>, <Link: Grand Theft Auto V-Xbox One-Amazon>]>
2020-08-01 11:00:15,989 : Successful update for <QuerySet [<Link: Gears 5-Xbox One-Amazon>, <Link: Gears 5-Xbox One-Amazon>]>
2020-08-01 11:00:15,999 : Successful update for <QuerySet [<Link: Tony Hawk's Pro Skater 1+2-PlayStation 4-Amazon>]>
2020-08-01 11:00:20,454 : No link found for <Game: The Order: 1886>
2020-08-01 11:00:20,472 : Successful update for <QuerySet [<Link: Skater XL-Xbox One-Amazon>, <Link: Skater XL-PlayStation 4-Amazon>]>
2020-08-01 11:00:20,492 : Successful update for <QuerySet [<Link: Star Wars Jedi: Fallen Order-PlayStation 4-Amazon>, <Link: Star Wars Jedi: Fallen Order-Xbox One-Amazon>]>
2020-08-01 11:00:24,966 : No link found for <Game: Tony Hawk's Pro Skater 5>
2020-08-01 11:00:29,466 : No link found for <Game: 1-2-Switch>
2020-08-01 11:00:33,990 : No link found for <Game: NBA 2K19: The Prelude>
2020-08-01 11:00:38,470 : No link found for <Game: STAR WARS: Jedi Knight II: Jedi Outcast>
2020-08-01 11:00:38,482 : Successful update for <QuerySet [<Link: The Last Remnant Remastered-Xbox One-Amazon>]>
2020-08-01 11:00:42,983 : No link found for <Game: Mark of the Ninja: Remastered>
2020-08-01 11:00:42,998 : Successful update for <QuerySet [<Link: Madden NFL 21-PlayStation 4-Amazon>]>
2020-08-01 11:00:47,476 : No link found for <Game: Streets of Rage 4>
2020-08-01 11:00:52,053 : No link found for <Game: Kung Fury: Street Rage>
2020-08-01 11:00:52,105 : Successful update for <QuerySet [<Link: Battlefield 4-PlayStation 4-Amazon>, <Link: Battlefield 4-PlayStation 4-Amazon>, <Link: Battlefield 4-PlayStation 4-Amazon>, <Link: Battlefield 4-Xbox One-Amazon>]>
2020-08-01 11:00:56,626 : No link found for <Game: NOBUNAGA'S AMBITION: Taishi with Bonus>
2020-08-01 11:00:56,655 : Successful update for <QuerySet [<Link: Resident Evil 3-PlayStation 4-Amazon>, <Link: Resident Evil 3-PlayStation 4-Amazon>, <Link: Resident Evil 3-Xbox One-Amazon>]>
2020-08-01 11:01:01,139 : Successful update for [<Link: Days Gone-PlayStation 4-Amazon>]
2020-08-01 11:01:05,842 : No link found for <Game: Gone Home: Console Edition>
2020-08-01 11:01:10,403 : No link found for <Game: The Walking Dead: 400 Days>
2020-08-01 11:01:10,426 : Successful update for <QuerySet [<Link: Resident Evil 2-PlayStation 4-Amazon>, <Link: Resident Evil 2-PlayStation 4-Amazon>]>
2020-08-01 11:01:15,319 : No link found for <Game: Resident Evil 7: Biohazard>
2020-08-01 11:01:15,334 : Successful update for <QuerySet [<Link: Bloodborne-PlayStation 4-Amazon>]>
2020-08-01 11:01:15,352 : Successful update for <QuerySet [<Link: Crash Bandicoot 4: It’s About Time-Xbox One-Amazon>]>
2020-08-01 11:01:19,836 : No link found for <Game: Control>
2020-08-01 11:01:24,375 : No link found for <Game: SUPERHOT: MIND CONTROL DELETE>
2020-08-01 11:01:29,140 : No link found for <Game: BlazBlue: Central Fiction>
2020-08-01 11:01:29,165 : Successful update for <QuerySet [<Link: SpongeBob SquarePants: Battle for Bikini Bottom - Rehydrated-PlayStation 4-Amazon>, <Link: SpongeBob SquarePants: Battle for Bikini Bottom - Rehydrated-Xbox One-Amazon>]>
2020-08-01 11:01:33,668 : No link found for <Game: Power Rangers: Battle For The Grid>
2020-08-01 11:01:38,284 : Successful update for [<Link: SWORD ART ONLINE: Alicization Lycoris-PlayStation 4-Amazon>, <Link: SWORD ART ONLINE: Alicization Lycoris-PlayStation 4-Amazon>, <Link: SWORD ART ONLINE: Alicization Lycoris-Xbox One-Amazon>]
2020-08-01 11:01:42,801 : No link found for <Game: Sword Art Online: Lost Song>
2020-08-01 11:01:47,900 : No link found for <Game: SWORD ART ONLINE: Fatal Bullet>
2020-08-01 11:01:52,971 : No link found for <Game: EA SPORTS NBA LIVE 15>
2020-08-01 11:01:57,528 : No link found for <Game: Forza Horizon 3>
2020-08-01 11:02:02,150 : No link found for <Game: SINNER: Sacrifice for Redemption>
2020-08-01 11:02:06,838 : Successful update for [<Link: Killing Floor: Double Feature-PlayStation 4-Amazon>]
2020-08-01 11:02:11,553 : No link found for <Game: Killing Floor: Incursion>
2020-08-01 11:02:16,182 : No link found for <Game: Killing Floor 2>
2020-08-01 11:02:16,204 : Successful update for <QuerySet [<Link: Horizon Zero Dawn Complete Edition-PlayStation 4-Amazon>, <Link: Horizon Zero Dawn Complete Edition-PlayStation 4-Amazon>]>
2020-08-01 11:02:20,886 : No link found for <Game: Forza Horizon 4>
2020-08-01 11:02:20,913 : Successful update for <QuerySet [<Link: Uncharted 4: A Thief’s End-PlayStation 4-Amazon>, <Link: Uncharted 4: A Thief’s End-PlayStation 4-Amazon>]>
2020-08-01 11:02:25,559 : No link found for <Game: Until Dawn: Rush of Blood>
2020-08-01 11:02:25,575 : Successful update for <QuerySet [<Link: Until Dawn-PlayStation 4-Amazon>]>
2020-08-01 11:02:25,593 : Successful update for <QuerySet [<Link: Plants vs. Zombies: Battle for Neighborville-PlayStation 4-Amazon>, <Link: Plants vs. Zombies: Battle for Neighborville-Xbox One-Amazon>]>
2020-08-01 11:02:30,348 : No link found for <Game: Plants vs Zombies Garden Warfare>
2020-08-01 11:02:35,164 : No link found for <Game: Plants vs. Zombies Garden Warfare 2>
2020-08-01 11:02:35,203 : Successful update for <QuerySet [<Link: Need for Speed-PlayStation 4-Amazon>, <Link: Need for Speed-PlayStation 4-Amazon>, <Link: Need for Speed-Xbox One-Amazon>, <Link: Need for Speed-Xbox One-Amazon>, <Link: Need for Speed-Xbox One-Amazon>]>
2020-08-01 11:02:35,224 : Successful update for <QuerySet [<Link: Need for Speed Heat-PlayStation 4-Amazon>, <Link: Need for Speed Heat-Xbox One-Amazon>]>
2020-08-01 11:02:39,961 : Successful update for [<Link: Thief of Thieves: Season One-Xbox One-Amazon>]
2020-08-01 11:02:44,719 : No link found for <Game: Exile's End>
2020-08-01 11:02:44,769 : Successful update for <QuerySet [<Link: Red Dead Redemption 2-PlayStation 4-Amazon>, <Link: Red Dead Redemption 2-PlayStation 4-Amazon>, <Link: Red Dead Redemption 2-PlayStation 4-Amazon>, <Link: Red Dead Redemption 2-Xbox One-Amazon>]>
2020-08-01 11:02:49,993 : No link found for <Game: The Walking Dead: Season 2>
2020-08-01 11:02:50,024 : Successful update for <QuerySet [<Link: LEGO Jurassic World-PlayStation 4-Amazon>, <Link: LEGO Jurassic World-Xbox One-Amazon>, <Link: LEGO Jurassic World-Xbox One-Amazon>]>
2020-08-01 11:02:54,558 : No link found for <Game: Jurassic World Evolution>
2020-08-01 11:02:54,581 : Successful update for <QuerySet [<Link: LEGO Worlds-PlayStation 4-Amazon>]>
2020-08-01 11:02:54,612 : Successful update for <QuerySet [<Link: The Sims 4-Xbox One-Amazon>, <Link: The Sims 4-Xbox One-Amazon>, <Link: The Sims 4-Xbox One-Amazon>]>
2020-08-01 11:02:54,629 : Successful update for <QuerySet [<Link: LEGO Marvel's Avengers-Xbox One-Amazon>, <Link: LEGO Marvel's Avengers-PlayStation 4-Amazon>]>
2020-08-01 11:02:59,131 : No link found for <Game: Marvel Ultimate Alliance 3: The Black Order>
2020-08-01 11:03:03,684 : No link found for <Game: Street Fighter V CFN Beta>
2020-08-01 11:03:03,714 : Successful update for <QuerySet [<Link: Street Fighter V-PlayStation 4-Amazon>, <Link: Street Fighter V-PlayStation 4-Amazon>, <Link: Street Fighter V-PlayStation 4-Amazon>]>
2020-08-01 11:03:08,267 : No link found for <Game: Ultra Street Fighter IV>
2020-08-01 11:03:08,304 : Successful update for <QuerySet [<Link: Need for Speed Rivals-PlayStation 4-Amazon>, <Link: Need for Speed Rivals-PlayStation 4-Amazon>, <Link: Need for Speed Rivals-Xbox One-Amazon>]>
2020-08-01 11:03:08,345 : Successful update for <QuerySet [<Link: Watch Dogs Legion-PlayStation 4-Amazon>, <Link: Watch Dogs Legion-PlayStation 4-Amazon>, <Link: Watch Dogs Legion-Xbox One-Amazon>, <Link: Watch Dogs Legion-Xbox One-Amazon>]>
2020-08-01 11:03:08,355 : Successful update for <QuerySet [<Link: Watch Dogs-PlayStation 4-Amazon>]>
2020-08-01 11:03:12,903 : Successful update for [<Link: Blair Witch-PlayStation 4-Amazon>, <Link: Blair Witch-PlayStation 4-Amazon>, <Link: Blair Witch-Xbox One-Amazon>]
2020-08-01 11:03:12,920 : Successful update for <QuerySet [<Link: Phar Lap - Horse Racing Challenge-PlayStation 4-Amazon>]>
2020-08-01 11:03:17,804 : No link found for <Game: Ultimate Chicken Horse>
