2020-04-23 18:39:57,209 Game Found in database323065
2020-04-23 18:39:59,889 Game Found in database421698
2020-04-23 18:40:02,529 Game Found in database3375
2020-04-23 18:40:05,210 Game Found in database397477
2020-04-23 18:40:08,281 Game Found in database58777
2020-04-23 18:40:11,260 Game Found in database339958
2020-04-23 18:40:14,111 Game Found in database3498
2020-04-23 18:40:16,776 Game Found in database23165
2020-04-23 18:40:19,473 Game Found in database338386
2020-04-23 18:40:22,423 Game Found in database58617
2020-04-23 18:40:25,040 Game Found in database326229
2020-04-23 18:40:27,670 Game Found in database27057
2020-04-23 18:40:30,300 Game Found in database311787
2020-04-23 18:40:33,026 Game Found in database318347
2020-04-23 18:40:33,721 Game Found in database326252
2020-04-23 18:40:34,737 Game Found in database58637
2020-04-23 18:40:35,417 Game Found in database374566
2020-04-23 18:40:38,085 Game Found in database27976
2020-04-23 18:40:40,380 Game Found in database22509
2020-04-23 18:40:42,992 Game Found in database58829
2020-04-23 18:40:44,055 Game Found in database58133
2020-04-23 18:40:47,045 Game Found in database28
2020-04-23 18:40:48,192 Game Found in database8488
2020-04-23 18:40:50,900 Game Found in database371825
2020-04-23 18:40:51,808 Game Found in database58134
2020-04-23 18:40:52,537 Game Found in database4466
2020-04-23 18:40:53,551 Game Found in database22511
2020-04-23 18:40:56,214 Game Found in database29179
2020-04-23 18:40:58,920 Game Found in database8488
2020-04-23 18:41:00,219 Game Found in database58084
2020-04-23 18:41:01,251 Game Found in database42187
2020-04-23 18:41:02,345 Game Found in database3070
2020-04-23 18:41:05,060 Game Found in database28150
2020-04-23 18:41:05,688 Game Found in database22508
2020-04-23 18:41:06,381 Game Found in database10142
2020-04-23 18:41:07,411 Game Found in database32
2020-04-23 18:41:08,138 Game Found in database290856
2020-04-23 18:41:09,213 Game Found in database766
2020-04-23 18:41:09,911 Game Found in database8488
2020-04-23 18:41:10,640 Game Found in database58389
2020-04-23 18:41:11,675 Game Found in database23600
2020-04-23 18:41:12,398 Game Found in database3272
2020-04-23 18:41:13,241 Game Found in database58494
2020-04-23 18:41:13,998 Game Found in database58754
2020-04-23 18:41:15,070 Game Found in database246478
2020-04-23 18:41:15,804 Game Found in database51324
2020-04-23 18:41:18,666 Game Found in database302974
2020-04-23 18:41:19,424 Game Found in database28201
2020-04-23 18:41:20,522 Game Found in database50734
2020-04-23 18:41:21,548 Game Found in database29338
2020-04-23 18:41:22,436 Game Found in database282825
2020-04-23 18:41:24,984 Game Found in database58764
2020-04-23 18:41:25,654 Game Found in database52312
2020-04-23 18:41:26,343 Game Found in database262382
2020-04-23 18:41:28,986 Game Found in database290856
2020-04-23 18:41:29,733 Game Found in database257201
2020-04-23 18:41:32,754 Game Found in database58813
2020-04-23 18:41:33,795 Game Found in database274762
2020-04-23 18:41:34,502 Game Found in database21463
2020-04-23 18:41:35,250 Game Found in database58616
2020-04-23 18:41:37,895 Game Found in database46889
2020-04-23 18:41:38,667 Game Found in database13566
2020-04-23 18:41:39,721 Game Found in database28
2020-04-23 18:41:40,443 Game Found in database22121
2020-04-23 18:41:41,366 Game Found in database58389
2020-04-23 18:41:42,064 Game Found in database58829
2020-04-23 18:41:42,783 Game Found in database23585
2020-04-23 18:41:43,824 Game Found in database49225
2020-04-23 18:41:44,567 Game Found in database327258
2020-04-23 18:41:45,380 Game Found in database259801
2020-04-23 18:41:46,099 Game Found in database261226
2020-04-23 18:41:46,831 Game Found in database49874
2020-04-23 18:41:47,582 Game Found in database324994
2020-04-23 18:41:48,320 Game Found in database51687
2020-04-23 18:41:49,055 Game Found in database28199
2020-04-23 18:41:49,928 Game Found in database284674
2020-04-23 18:41:50,638 Game Found in database21924
2020-04-23 18:41:53,291 Game Found in database13886
2020-04-23 18:41:54,022 Game Found in database28153
2020-04-23 18:41:54,764 Game Found in database43753
2020-04-23 18:41:55,484 Game Found in database27939
2020-04-23 18:41:56,266 Game Found in database27939
2020-04-23 18:41:57,050 Game Found in database10125
2020-04-23 18:41:58,088 Game Found in database887
2020-04-23 18:41:59,093 Game Found in database998
2020-04-23 18:42:01,746 Game Found in database2728
2020-04-23 18:42:02,492 Game Found in database906
2020-04-23 18:42:03,263 Game Found in database750
2020-04-23 18:42:04,019 Game Found in database923
2020-04-23 18:42:04,754 Game Found in database2009
2020-04-23 18:42:05,509 Game Found in database413881
2020-04-23 18:43:29,129 Successful update for <Game: Call of Duty: Modern Warfare (2019)>
2020-04-23 18:43:33,168 Successful update for <Game: Animal Crossing: New Horizons>
2020-04-23 18:43:38,172 Successful update for <Game: MLB 15 THE SHOW>
2020-04-23 18:43:40,755 Successful update for <Game: Resident Evil 3>
2020-04-23 18:43:46,301 Successful update for <Game: DOOM Eternal>
2020-04-23 18:43:48,550 Successful update for <Game: Persona 5 Royal>
2020-04-23 18:43:53,305 Successful update for <Game: Grand Theft Auto V>
2020-04-23 18:43:56,515 Successful update for <Game: Mario Kart 8 Deluxe>
2020-04-23 18:44:00,686 Successful update for <Game: NBA 2K20>
2020-04-23 18:44:04,305 Successful update for <Game: Borderlands 3>
2020-04-23 18:44:08,545 Successful update for <Game: FIFA 20>
2020-04-23 18:44:09,900 Successful update for <Game: The Legend of Zelda: Link's Awakening>
2020-04-23 18:44:11,144 Successful update for <Game: Madden NFL 20>
2020-04-23 18:44:13,483 Successful update for <Game: Tom Clancy's Ghost Recon Breakpoint>
2020-04-23 18:44:15,733 Successful update for <Game: Gears 5>
2020-04-23 18:44:19,990 Successful update for <Game: CODE VEIN>
2020-04-23 18:44:21,255 Successful update for <Game: NHL 20>
2020-04-23 18:44:24,534 Successful update for <Game: Mario Kart 8>
2020-04-23 18:44:27,123 Successful update for <Game: Minecraft>
2020-04-23 18:44:28,370 Successful update for <Game: Super Smash Bros. Ultimate>
2020-04-23 18:44:31,620 Successful update for <Game: Spyro Reignited Trilogy>
2020-04-23 18:44:33,219 Successful update for <Game: Red Dead Redemption 2>
2020-04-23 18:44:35,126 Successful update for <Game: Tom Clancy's Rainbow Six Siege>
2020-04-23 18:44:37,703 Successful update for <Game: Plants vs. Zombies: Battle for Neighborville>
2020-04-23 18:44:39,684 Successful update for <Game: Marvel's Spider-Man>
2020-04-23 18:44:41,014 Successful update for <Game: Catherine>
2020-04-23 18:44:43,152 Successful update for <Game: The Legend of Zelda: Breath of the Wild>
2020-04-23 18:44:46,140 Successful update for <Game: God of War (2005)>
2020-04-23 18:44:47,458 Game Found in database8488
2020-04-23 18:44:50,312 Successful update for <Game: DRAGON QUEST XI: Echoes of an Elusive Age>
2020-04-23 18:44:52,773 Successful update for <Game: The Sims 4>
2020-04-23 18:44:56,505 Successful update for <Game: Fallout 4>
2020-04-23 18:44:59,117 Successful update for <Game: Anthem>
2020-04-23 18:45:01,268 Successful update for <Game: Overwatch>
2020-04-23 18:45:02,519 Successful update for <Game: PlayerUnknown’s Battlegrounds>
2020-04-23 18:45:04,083 Successful update for <Game: Destiny 2>
2020-04-23 18:45:07,279 Successful update for <Game: Apex Legends>
2020-04-23 18:45:08,922 Successful update for <Game: Warframe>
2020-04-23 18:45:09,648 Game Found in database8488
2020-04-23 18:45:11,936 Successful update for <Game: Call of Duty: Black Ops 4>
2020-04-23 18:45:13,555 Successful update for <Game: Diablo 3>
2020-04-23 18:45:14,842 Successful update for <Game: Rocket League>
2020-04-23 18:45:16,478 Successful update for <Game: Battlefield V>
2020-04-23 18:45:18,124 Successful update for <Game: Tom Clancy’s The Division 2>
2020-04-23 18:45:20,082 Successful update for <Game: Fire Emblem: Three Houses>
2020-04-23 18:45:22,622 Successful update for <Game: Kingdom Hearts III>
2020-04-23 18:45:25,699 Successful update for <Game: Cadence of Hyrule - Crypt of the NecroDancer Featuring the Legend of Zelda>
2020-04-23 18:45:27,016 Successful update for <Game: Metro Exodus>
2020-04-23 18:45:28,708 Successful update for <Game: Sekiro: Shadows Die Twice>
2020-04-23 18:45:31,376 Successful update for <Game: Days Gone>
2020-04-23 18:45:32,685 Successful update for <Game: Pokémon Sword and Shield>
2020-04-23 18:45:34,633 Successful update for <Game: Outer Wilds>
2020-04-23 18:45:35,890 Successful update for <Game: Luigi's Mansion>
2020-04-23 18:45:38,159 Successful update for <Game: Disco Elysium>
2020-04-23 18:45:38,885 Game Found in database290856
2020-04-23 18:45:40,240 Successful update for <Game: Star Wars Jedi: Fallen Order>
2020-04-23 18:45:42,526 Successful update for <Game: Resident Evil 2>
2020-04-23 18:45:43,895 Successful update for <Game: The Outer Worlds>
2020-04-23 18:45:45,217 Successful update for <Game: Mission Control: NanoMech>
2020-04-23 18:45:46,888 Successful update for <Game: Assassin's Creed Odyssey>
2020-04-23 18:45:48,524 Successful update for <Game: Monster Hunter: World>
2020-04-23 18:45:50,934 Successful update for <Game: Into the Breach>
2020-04-23 18:45:51,986 Game Found in database28
2020-04-23 18:45:53,270 Successful update for <Game: Celeste>
2020-04-23 18:45:54,338 Game Found in database58389
2020-04-23 18:45:55,171 Game Found in database58829
2020-04-23 18:45:56,798 Successful update for <Game: Far Cry 5>
2020-04-23 18:45:58,838 Successful update for <Game: DRAGON BALL FighterZ>
2020-04-23 18:46:01,532 Successful update for <Game: Dragon Ball Z: Kakarot>
2020-04-23 18:46:03,156 Successful update for <Game: Final Fantasy VII Remake>
2020-04-23 18:46:04,510 Successful update for <Game: Warcraft III: Reforged>
2020-04-23 18:46:05,858 Successful update for <Game: Pillars of Eternity II: Deadfire>
2020-04-23 18:46:07,138 Successful update for <Game: Darksiders Genesis>
2020-04-23 18:46:08,431 Successful update for <Game: Two Point Hospital>
2020-04-23 18:46:09,793 Successful update for <Game: Ori and the Will of the Wisps>
2020-04-23 18:46:11,188 Successful update for <Game: Totally Reliable Delivery Service>
2020-04-23 18:46:12,533 Successful update for <Game: Call of Duty: WWII>
2020-04-23 18:46:13,900 Successful update for <Game: STAR WARS Battlefront 2 (2005)>
2020-04-23 18:46:15,570 Successful update for <Game: Assassin's Creed Origins>
2020-04-23 18:46:16,904 Successful update for <Game: Xenoblade Chronicles 2>
2020-04-23 18:46:18,525 Successful update for <Game: Pokémon Ultra Sun, Ultra Moon>
2020-04-23 18:46:19,232 Game Found in database27939
2020-04-23 18:46:20,678 Successful update for <Game: Tom Clancy's Ghost Recon Wildlands>
2020-04-23 18:46:22,360 Successful update for <Game: Call of Duty: Infinite Warfare>
2020-04-23 18:46:23,677 Successful update for <Game: Battlefield 1>
2020-04-23 18:46:25,054 Successful update for <Game: Tom Clancy’s The Division>
2020-04-23 18:46:26,426 Successful update for <Game: Call of Duty: Black Ops III>
2020-04-23 18:46:27,725 Successful update for <Game: FINAL FANTASY XV>
2020-04-23 18:46:29,023 Successful update for <Game: Titanfall 2>
2020-04-23 18:46:30,341 Successful update for <Game: Warhammer 40,000: Regicide>
2020-04-23 18:46:31,854 Successful update for <Game: MotoGP 20>
2020-04-23 18:46:33,258 Successful update for <Game: Total War: WARHAMMER II>
2020-04-23 18:46:35,533 Successful update for <Game: Half-Life: Alyx>
2020-04-23 18:46:36,834 Successful update for <Game: Mount & Blade II: Bannerlord>
2020-04-23 18:46:38,167 Successful update for <Game: XCOM: Chimera Squad>
2020-04-23 18:46:39,622 Successful update for <Game: The Jackbox Party Quintpack>
2020-04-23 18:46:41,031 Successful update for <Game: The Jackbox Party Pack>
2020-04-23 18:46:42,554 Successful update for <Game: The Jackbox Party Pack 2>
2020-04-23 18:46:43,901 Successful update for <Game: The Jackbox Party Pack 3>
2020-04-23 18:46:45,266 Successful update for <Game: The Jackbox Party Pack 4>
2020-04-23 18:46:46,605 Successful update for <Game: The Jackbox Party Pack 5>
2020-04-23 18:46:47,937 Successful update for <Game: The Jackbox Party Pack 6>
2020-04-23 18:46:49,299 Successful update for <Game: Tabletop Simulator>
2020-04-23 18:46:51,620 Successful update for <Game: Fallout 76>
2020-04-23 18:46:53,059 Successful update for <Game: The Elder Scrolls Online: Tamriel Unlimited>
2020-04-23 18:46:54,402 Successful update for <Game: Total War: THREE KINGDOMS>
2020-04-23 18:46:55,497 Game Found in database50734
2020-04-23 18:46:56,833 Successful update for <Game: Dead by Daylight>
2020-04-23 18:46:57,576 Game Found in database58813
2020-04-23 18:46:59,232 Successful update for <Game: FINAL FANTASY XIV: Shadowbringers>
2020-04-23 18:47:00,550 Successful update for <Game: The Witcher 3: Wild Hunt>
2020-04-23 18:47:01,880 Successful update for <Game: Halo: The Master Chief Collection>
2020-04-23 18:47:03,151 Successful update for <Game: Planet Zoo>
2020-04-23 18:47:06,475 Successful update for <Game: Cities: Skylines>
2020-04-23 18:47:08,061 Successful update for <Game: No Man's Sky>
2020-04-23 18:47:10,415 Successful update for <Game: Shadow of the Tomb Raider>
